<?xml version="1.0" encoding="UTF-8"?>
<!-- Generated by org.testng.reporters.JUnitReportReporter -->
<testsuite hostname="DESKTOP-R4OAK6D" failures="0" tests="1" name="test.TC003a_Onewaytest" time="34.681" errors="0" timestamp="2024-03-19T23:44:54 IST" skipped="0">
  <testcase classname="test.TC003a_Onewaytest" name="one_way" time="34.681"/>
  <system-out/>
</testsuite> <!-- test.TC003a_Onewaytest -->
