<?xml version="1.0" encoding="UTF-8"?>
<!-- Generated by org.testng.reporters.JUnitReportReporter -->
<testsuite hostname="DESKTOP-R4OAK6D" failures="0" tests="4" name="test.Logintest" time="59.929" errors="0" timestamp="2024-03-16T11:23:03 IST" skipped="0">
  <testcase classname="test.Logintest" name="login" time="16.165"/>
  <system-out/>
  <testcase classname="test.Logintest" name="login" time="15.520"/>
  <system-out/>
  <testcase classname="test.Logintest" name="login" time="15.567"/>
  <system-out/>
  <testcase classname="test.Logintest" name="login" time="12.677"/>
  <system-out/>
</testsuite> <!-- test.Logintest -->
