<?xml version="1.0" encoding="UTF-8"?>
<!-- Generated by org.testng.reporters.JUnitReportReporter -->
<testsuite hostname="DESKTOP-R4OAK6D" failures="0" tests="4" name="test.TC002_Logintest" time="70.717" errors="0" timestamp="2024-03-19T23:44:54 IST" skipped="0">
  <testcase classname="test.TC002_Logintest" name="login" time="18.151"/>
  <system-out/>
  <testcase classname="test.TC002_Logintest" name="login" time="15.264"/>
  <system-out/>
  <testcase classname="test.TC002_Logintest" name="login" time="17.198"/>
  <system-out/>
  <testcase classname="test.TC002_Logintest" name="login" time="20.104"/>
  <system-out/>
</testsuite> <!-- test.TC002_Logintest -->
