<?xml version="1.0" encoding="UTF-8"?>
<!-- Generated by org.testng.reporters.JUnitReportReporter -->
<testsuite hostname="DESKTOP-R4OAK6D" failures="0" tests="1" name="test.TC009a_Checkintest" time="9.651" errors="0" timestamp="2024-03-18T10:03:04 IST" skipped="0">
  <testcase classname="test.TC009a_Checkintest" name="checkin_Display" time="9.651"/>
  <system-out/>
</testsuite> <!-- test.TC009a_Checkintest -->
