<?xml version="1.0" encoding="UTF-8"?>
<!-- Generated by org.testng.reporters.JUnitReportReporter -->
<testsuite hostname="DESKTOP-R4OAK6D" failures="0" tests="4" name="test.TC002_Logintest" time="63.551" errors="0" timestamp="2024-03-20T00:01:04 IST" skipped="0">
  <testcase classname="test.TC002_Logintest" name="login" time="18.785"/>
  <testcase classname="test.TC002_Logintest" name="login" time="15.608"/>
  <testcase classname="test.TC002_Logintest" name="login" time="14.711"/>
  <testcase classname="test.TC002_Logintest" name="login" time="14.447"/>
</testsuite> <!-- test.TC002_Logintest -->
